2020-03-17T20:06:11: Config Middlewares...
2020-03-17T20:06:11: Config Middlewares...
2020-03-17T20:06:11: Config Middlewares...
2020-03-17T20:06:11: Config Middlewares...
2020-03-17T20:06:11: Initialize Routes...
2020-03-17T20:06:11: Initialize Routes...
2020-03-17T20:06:11: Run: http://localhost:7000
2020-03-17T20:06:11: Enviroment: development
2020-03-17T20:06:11: Initialize Routes...
2020-03-17T20:06:11: Run: http://localhost:7000
2020-03-17T20:06:11: Enviroment: development
2020-03-17T20:06:11: Initialize Routes...
2020-03-17T20:06:11: Run: http://localhost:7000
2020-03-17T20:06:11: Enviroment: development
2020-03-17T20:06:11: Run: http://localhost:7000
2020-03-17T20:06:11: Enviroment: development
2020-03-17T20:07:21: Patient: {"data":{"id":2,"fullName":"Luis","email":"luis@gmail.com","phone":"(16)998765625","clinic":{"id":1},"active":true}}
2020-03-17T20:07:22: Clinic: {"data":{"id":2,"name":"Clínica B"}}
2020-03-17T20:07:22: Physician: {"data":{"id":1,"fullName":"João","crm":"SP293892"}}
2020-03-17T20:07:22: this.metric: {"clinic_id":2,"clinic_name":"Clínica B","physician_id":1,"physician_name":"João","physician_crm":"SP293892","patient_id":2,"patient_name":"Luis","patient_email":"luis@gmail.com","patient_phone":"(16)998765625"}
2020-03-17T20:07:23: Database Connection SUCCESS!!!
2020-03-17T20:07:23: We registered the prescription with success!
2020-03-17T20:12:50: Config Middlewares...
2020-03-17T20:12:50: Config Middlewares...
2020-03-17T20:12:50: Config Middlewares...
2020-03-17T20:12:50: Config Middlewares...
2020-03-17T20:12:50: Initialize Routes...
2020-03-17T20:12:50: Initialize Routes...
2020-03-17T20:12:50: Initialize Routes...
2020-03-17T20:12:50: Run: http://localhost:7000
2020-03-17T20:12:50: Enviroment: development
2020-03-17T20:12:50: Run: http://localhost:7000
2020-03-17T20:12:50: Enviroment: development
2020-03-17T20:12:50: Initialize Routes...
2020-03-17T20:12:50: Run: http://localhost:7000
2020-03-17T20:12:50: Enviroment: development
2020-03-17T20:12:50: Run: http://localhost:7000
2020-03-17T20:12:50: Enviroment: development
2020-03-17T20:13:41: Config Middlewares...
2020-03-17T20:13:41: Config Middlewares...
2020-03-17T20:13:41: Initialize Routes...
2020-03-17T20:13:41: Config Middlewares...
2020-03-17T20:13:41: Config Middlewares...
2020-03-17T20:13:41: Initialize Routes...
2020-03-17T20:13:41: Initialize Routes...
2020-03-17T20:13:41: Run: http://localhost:7000
2020-03-17T20:13:41: Enviroment: development
2020-03-17T20:13:41: Run: http://localhost:7000
2020-03-17T20:13:41: Enviroment: development
2020-03-17T20:13:41: Run: http://localhost:7000
2020-03-17T20:13:41: Enviroment: development
2020-03-17T20:13:41: Initialize Routes...
2020-03-17T20:13:41: Run: http://localhost:7000
2020-03-17T20:13:41: Enviroment: development
2020-03-17T20:14:04: Config Middlewares...
2020-03-17T20:14:04: Initialize Routes...
2020-03-17T20:14:04: Run: http://localhost:7000
2020-03-17T20:14:04: Enviroment: development
2020-03-17T20:14:04: Config Middlewares...
2020-03-17T20:14:04: Initialize Routes...
2020-03-17T20:14:04: Run: http://localhost:7000
2020-03-17T20:14:04: Enviroment: development
2020-03-17T20:14:04: Config Middlewares...
2020-03-17T20:14:04: Initialize Routes...
2020-03-17T20:14:04: Run: http://localhost:7000
2020-03-17T20:14:04: Enviroment: development
2020-03-17T20:14:04: Config Middlewares...
2020-03-17T20:14:04: Initialize Routes...
2020-03-17T20:14:04: Run: http://localhost:7000
2020-03-17T20:14:04: Enviroment: development
2020-03-17T21:21:04: Config Middlewares...
2020-03-17T21:21:04: Config Middlewares...
2020-03-17T21:21:04: Config Middlewares...
2020-03-17T21:21:04: Config Middlewares...
2020-03-17T21:21:04: Initialize Routes...
2020-03-17T21:21:04: Initialize Routes...
2020-03-17T21:21:04: Run: http://localhost:7000
2020-03-17T21:21:04: Enviroment: development
2020-03-17T21:21:04: Initialize Routes...
2020-03-17T21:21:04: Run: http://localhost:7000
2020-03-17T21:21:04: Enviroment: development
2020-03-17T21:21:04: Initialize Routes...
2020-03-17T21:21:04: Run: http://localhost:7000
2020-03-17T21:21:04: Enviroment: development
2020-03-17T21:21:04: Run: http://localhost:7000
2020-03-17T21:21:04: Enviroment: development
2020-03-17T21:21:44: Config Middlewares...
2020-03-17T21:21:44: Config Middlewares...
2020-03-17T21:21:44: Config Middlewares...
2020-03-17T21:21:44: Config Middlewares...
2020-03-17T21:21:44: Initialize Routes...
2020-03-17T21:21:44: Initialize Routes...
2020-03-17T21:21:44: Run: http://localhost:7000
2020-03-17T21:21:44: Enviroment: development
2020-03-17T21:21:44: Initialize Routes...
2020-03-17T21:21:44: Initialize Routes...
2020-03-17T21:21:44: Run: http://localhost:7000
2020-03-17T21:21:44: Enviroment: development
2020-03-17T21:21:44: Run: http://localhost:7000
2020-03-17T21:21:44: Enviroment: development
2020-03-17T21:21:44: Run: http://localhost:7000
2020-03-17T21:21:44: Enviroment: development
2020-03-17T21:21:50: Config Middlewares...
2020-03-17T21:21:50: Initialize Routes...
2020-03-17T21:21:50: Run: http://localhost:7000
2020-03-17T21:21:50: Enviroment: development
2020-03-17T21:21:50: Config Middlewares...
2020-03-17T21:21:50: Initialize Routes...
2020-03-17T21:21:50: Run: http://localhost:7000
2020-03-17T21:21:50: Enviroment: development
2020-03-17T21:21:50: Config Middlewares...
2020-03-17T21:21:50: Initialize Routes...
2020-03-17T21:21:50: Run: http://localhost:7000
2020-03-17T21:21:50: Enviroment: development
2020-03-17T21:21:50: Config Middlewares...
2020-03-17T21:21:50: Initialize Routes...
2020-03-17T21:21:50: Run: http://localhost:7000
2020-03-17T21:21:50: Enviroment: development
2020-03-17T21:22:08: Config Middlewares...
2020-03-17T21:22:08: Initialize Routes...
2020-03-17T21:22:08: Run: http://localhost:7000
2020-03-17T21:22:08: Enviroment: development
2020-03-17T21:22:08: Config Middlewares...
2020-03-17T21:22:08: Config Middlewares...
2020-03-17T21:22:08: Initialize Routes...
2020-03-17T21:22:08: Config Middlewares...
2020-03-17T21:22:08: Run: http://localhost:7000
2020-03-17T21:22:08: Enviroment: development
2020-03-17T21:22:08: Initialize Routes...
2020-03-17T21:22:08: Run: http://localhost:7000
2020-03-17T21:22:08: Enviroment: development
2020-03-17T21:22:08: Initialize Routes...
2020-03-17T21:22:08: Run: http://localhost:7000
2020-03-17T21:22:08: Enviroment: development
2020-03-17T21:23:14: Config Middlewares...
2020-03-17T21:23:14: Config Middlewares...
2020-03-17T21:23:14: Config Middlewares...
2020-03-17T21:23:14: Config Middlewares...
2020-03-17T21:23:14: Initialize Routes...
2020-03-17T21:23:14: Initialize Routes...
2020-03-17T21:23:14: Initialize Routes...
2020-03-17T21:23:14: Run: http://localhost:7000
2020-03-17T21:23:14: Enviroment: development
2020-03-17T21:23:14: Run: http://localhost:7000
2020-03-17T21:23:14: Enviroment: development
2020-03-17T21:23:14: Initialize Routes...
2020-03-17T21:23:14: Run: http://localhost:7000
2020-03-17T21:23:14: Enviroment: development
2020-03-17T21:23:14: Run: http://localhost:7000
2020-03-17T21:23:14: Enviroment: development
2020-03-17T21:23:18: Config Middlewares...
2020-03-17T21:23:18: Config Middlewares...
2020-03-17T21:23:18: Initialize Routes...
2020-03-17T21:23:18: Initialize Routes...
2020-03-17T21:23:18: Run: http://localhost:7000
2020-03-17T21:23:18: Enviroment: development
2020-03-17T21:23:18: Run: http://localhost:7000
2020-03-17T21:23:18: Enviroment: development
2020-03-17T21:23:18: Config Middlewares...
2020-03-17T21:23:18: Config Middlewares...
2020-03-17T21:23:18: Initialize Routes...
2020-03-17T21:23:18: Initialize Routes...
2020-03-17T21:23:18: Run: http://localhost:7000
2020-03-17T21:23:18: Enviroment: development
2020-03-17T21:23:18: Run: http://localhost:7000
2020-03-17T21:23:18: Enviroment: development
2020-03-17T21:29:53: Config Middlewares...
2020-03-17T21:29:53: Config Middlewares...
2020-03-17T21:29:53: Config Middlewares...
2020-03-17T21:29:53: Config Middlewares...
2020-03-17T21:29:53: Initialize Routes...
2020-03-17T21:29:53: Initialize Routes...
2020-03-17T21:29:53: Run: http://localhost:7000
2020-03-17T21:29:53: Enviroment: development
2020-03-17T21:29:53: Initialize Routes...
2020-03-17T21:29:53: Initialize Routes...
2020-03-17T21:29:53: Run: http://localhost:7000
2020-03-17T21:29:53: Enviroment: development
2020-03-17T21:29:53: Run: http://localhost:7000
2020-03-17T21:29:53: Enviroment: development
2020-03-17T21:29:53: Run: http://localhost:7000
2020-03-17T21:29:53: Enviroment: development
2020-03-17T21:30:39: Config Middlewares...
2020-03-17T21:30:39: Config Middlewares...
2020-03-17T21:30:39: Config Middlewares...
2020-03-17T21:30:39: Initialize Routes...
2020-03-17T21:30:39: Run: http://localhost:7000
2020-03-17T21:30:39: Enviroment: development
2020-03-17T21:30:39: Config Middlewares...
2020-03-17T21:30:39: Initialize Routes...
2020-03-17T21:30:39: Initialize Routes...
2020-03-17T21:30:39: Run: http://localhost:7000
2020-03-17T21:30:39: Enviroment: development
2020-03-17T21:30:39: Run: http://localhost:7000
2020-03-17T21:30:39: Enviroment: development
2020-03-17T21:30:39: Initialize Routes...
2020-03-17T21:30:39: Run: http://localhost:7000
2020-03-17T21:30:39: Enviroment: development
2020-03-17T21:33:16: Config Middlewares...
2020-03-17T21:33:16: Config Middlewares...
2020-03-17T21:33:16: Config Middlewares...
2020-03-17T21:33:16: Config Middlewares...
2020-03-17T21:33:16: Initialize Routes...
2020-03-17T21:33:16: Run: http://localhost:7000
2020-03-17T21:33:16: Enviroment: development
2020-03-17T21:33:16: Initialize Routes...
2020-03-17T21:33:16: Initialize Routes...
2020-03-17T21:33:16: Run: http://localhost:7000
2020-03-17T21:33:16: Enviroment: development
2020-03-17T21:33:16: Run: http://localhost:7000
2020-03-17T21:33:16: Enviroment: development
2020-03-17T21:33:16: Initialize Routes...
2020-03-17T21:33:16: Run: http://localhost:7000
2020-03-17T21:33:16: Enviroment: development
2020-03-17T21:39:24: Config Middlewares...
2020-03-17T21:39:24: Config Middlewares...
2020-03-17T21:39:24: Config Middlewares...
2020-03-17T21:39:24: Config Middlewares...
2020-03-17T21:39:24: Initialize Routes...
2020-03-17T21:39:24: Initialize Routes...
2020-03-17T21:39:24: Run: http://localhost:7000
2020-03-17T21:39:24: Enviroment: development
2020-03-17T21:39:24: Run: http://localhost:7000
2020-03-17T21:39:24: Enviroment: development
2020-03-17T21:39:24: Initialize Routes...
2020-03-17T21:39:24: Run: http://localhost:7000
2020-03-17T21:39:24: Enviroment: development
2020-03-17T21:39:24: Initialize Routes...
2020-03-17T21:39:24: Run: http://localhost:7000
2020-03-17T21:39:24: Enviroment: development
2020-03-17T21:40:05: Config Middlewares...
2020-03-17T21:40:05: Initialize Routes...
2020-03-17T21:40:05: Run: http://localhost:7000
2020-03-17T21:40:05: Enviroment: development
2020-03-17T21:40:05: Config Middlewares...
2020-03-17T21:40:05: Initialize Routes...
2020-03-17T21:40:05: Run: http://localhost:7000
2020-03-17T21:40:05: Enviroment: development
2020-03-17T21:40:05: Config Middlewares...
2020-03-17T21:40:05: Initialize Routes...
2020-03-17T21:40:05: Run: http://localhost:7000
2020-03-17T21:40:05: Enviroment: development
2020-03-17T21:40:05: Config Middlewares...
2020-03-17T21:40:05: Initialize Routes...
2020-03-17T21:40:05: Run: http://localhost:7000
2020-03-17T21:40:05: Enviroment: development
2020-03-17T21:47:46: Config Middlewares...
2020-03-17T21:47:46: Config Middlewares...
2020-03-17T21:47:46: Config Middlewares...
2020-03-17T21:47:46: Config Middlewares...
2020-03-17T21:47:46: Initialize Routes...
2020-03-17T21:47:46: Initialize Routes...
2020-03-17T21:47:46: Run: http://localhost:7000
2020-03-17T21:47:46: Enviroment: development
2020-03-17T21:47:46: Initialize Routes...
2020-03-17T21:47:46: Run: http://localhost:7000
2020-03-17T21:47:46: Enviroment: development
2020-03-17T21:47:46: Initialize Routes...
2020-03-17T21:47:46: Run: http://localhost:7000
2020-03-17T21:47:46: Enviroment: development
2020-03-17T21:47:46: Run: http://localhost:7000
2020-03-17T21:47:46: Enviroment: development
2020-03-17T21:58:50: Config Middlewares...
2020-03-17T21:58:50: Config Middlewares...
2020-03-17T21:58:50: Config Middlewares...
2020-03-17T21:58:50: Config Middlewares...
2020-03-17T21:58:50: Initialize Routes...
2020-03-17T21:58:50: Initialize Routes...
2020-03-17T21:58:50: Initialize Routes...
2020-03-17T21:58:50: Initialize Routes...
2020-03-17T21:58:50: Run: http://localhost:7000
2020-03-17T21:58:50: Enviroment: development
2020-03-17T21:58:50: Run: http://localhost:7000
2020-03-17T21:58:50: Enviroment: development
2020-03-17T21:58:50: Run: http://localhost:7000
2020-03-17T21:58:50: Enviroment: development
2020-03-17T21:58:50: Run: http://localhost:7000
2020-03-17T21:58:50: Enviroment: development
2020-03-17T22:06:54: Config Middlewares...
2020-03-17T22:06:54: Config Middlewares...
2020-03-17T22:06:54: Config Middlewares...
2020-03-17T22:06:54: Config Middlewares...
2020-03-17T22:06:54: Initialize Routes...
2020-03-17T22:06:54: Initialize Routes...
2020-03-17T22:06:54: Run: http://localhost:7000
2020-03-17T22:06:54: Enviroment: development
2020-03-17T22:06:54: Initialize Routes...
2020-03-17T22:06:54: Initialize Routes...
2020-03-17T22:06:54: Run: http://localhost:7000
2020-03-17T22:06:54: Enviroment: development
2020-03-17T22:06:54: Run: http://localhost:7000
2020-03-17T22:06:54: Enviroment: development
2020-03-17T22:06:54: Run: http://localhost:7000
2020-03-17T22:06:54: Enviroment: development
2020-03-17T22:08:16: Config Middlewares...
2020-03-17T22:08:16: Initialize Routes...
2020-03-17T22:08:16: Run: http://localhost:7000
2020-03-17T22:08:16: Enviroment: development
2020-03-17T22:08:16: Config Middlewares...
2020-03-17T22:08:16: Initialize Routes...
2020-03-17T22:08:16: Run: http://localhost:7000
2020-03-17T22:08:16: Enviroment: development
2020-03-17T22:08:16: Config Middlewares...
2020-03-17T22:08:16: Initialize Routes...
2020-03-17T22:08:16: Run: http://localhost:7000
2020-03-17T22:08:16: Enviroment: development
2020-03-17T22:08:17: Config Middlewares...
2020-03-17T22:08:17: Initialize Routes...
2020-03-17T22:08:17: Run: http://localhost:7000
2020-03-17T22:08:17: Enviroment: development
2020-03-17T22:10:57: Config Middlewares...
2020-03-17T22:10:57: Config Middlewares...
2020-03-17T22:10:57: Config Middlewares...
2020-03-17T22:10:57: Config Middlewares...
2020-03-17T22:10:57: Initialize Routes...
2020-03-17T22:10:57: Initialize Routes...
2020-03-17T22:10:57: Run: http://localhost:7000
2020-03-17T22:10:57: Enviroment: development
2020-03-17T22:10:57: Initialize Routes...
2020-03-17T22:10:57: Run: http://localhost:7000
2020-03-17T22:10:57: Enviroment: development
2020-03-17T22:10:57: Initialize Routes...
2020-03-17T22:10:57: Run: http://localhost:7000
2020-03-17T22:10:57: Enviroment: development
2020-03-17T22:10:57: Run: http://localhost:7000
2020-03-17T22:10:57: Enviroment: development
2020-03-17T22:12:34: Config Middlewares...
2020-03-17T22:12:34: Config Middlewares...
2020-03-17T22:12:34: Config Middlewares...
2020-03-17T22:12:34: Initialize Routes...
2020-03-17T22:12:34: Initialize Routes...
2020-03-17T22:12:34: Run: http://localhost:7000
2020-03-17T22:12:34: Enviroment: development
2020-03-17T22:12:34: Config Middlewares...
2020-03-17T22:12:34: Run: http://localhost:7000
2020-03-17T22:12:34: Enviroment: development
2020-03-17T22:12:34: Initialize Routes...
2020-03-17T22:12:34: Initialize Routes...
2020-03-17T22:12:34: Run: http://localhost:7000
2020-03-17T22:12:34: Enviroment: development
2020-03-17T22:12:34: Run: http://localhost:7000
2020-03-17T22:12:34: Enviroment: development
2020-03-17T22:13:24: Config Middlewares...
2020-03-17T22:13:24: Config Middlewares...
2020-03-17T22:13:24: Config Middlewares...
2020-03-17T22:13:24: Config Middlewares...
2020-03-17T22:13:24: Initialize Routes...
2020-03-17T22:13:24: Initialize Routes...
2020-03-17T22:13:24: Initialize Routes...
2020-03-17T22:13:24: Initialize Routes...
2020-03-17T22:13:24: Run: http://localhost:7000
2020-03-17T22:13:24: Enviroment: development
2020-03-17T22:13:24: Run: http://localhost:7000
2020-03-17T22:13:24: Enviroment: development
2020-03-17T22:13:24: Run: http://localhost:7000
2020-03-17T22:13:24: Enviroment: development
2020-03-17T22:13:24: Run: http://localhost:7000
2020-03-17T22:13:24: Enviroment: development
2020-03-17T22:16:24: Config Middlewares...
2020-03-17T22:16:24: Config Middlewares...
2020-03-17T22:16:24: Config Middlewares...
2020-03-17T22:16:24: Initialize Routes...
2020-03-17T22:16:24: Config Middlewares...
2020-03-17T22:16:24: Initialize Routes...
2020-03-17T22:16:24: Initialize Routes...
2020-03-17T22:16:24: Initialize Routes...
2020-03-17T22:16:24: Run: http://localhost:7000
2020-03-17T22:16:24: Enviroment: development
2020-03-17T22:16:24: Run: http://localhost:7000
2020-03-17T22:16:24: Enviroment: development
2020-03-17T22:16:24: Run: http://localhost:7000
2020-03-17T22:16:24: Enviroment: development
2020-03-17T22:16:24: Run: http://localhost:7000
2020-03-17T22:16:24: Enviroment: development
2020-03-17T22:16:35: Config Middlewares...
2020-03-17T22:16:35: Initialize Routes...
2020-03-17T22:16:35: Run: http://localhost:7000
2020-03-17T22:16:35: Enviroment: development
2020-03-17T22:16:35: Config Middlewares...
2020-03-17T22:16:35: Initialize Routes...
2020-03-17T22:16:35: Run: http://localhost:7000
2020-03-17T22:16:35: Enviroment: development
2020-03-17T22:16:35: Config Middlewares...
2020-03-17T22:16:35: Initialize Routes...
2020-03-17T22:16:35: Run: http://localhost:7000
2020-03-17T22:16:35: Enviroment: development
2020-03-17T22:16:35: Config Middlewares...
2020-03-17T22:16:35: Initialize Routes...
2020-03-17T22:16:35: Run: http://localhost:7000
2020-03-17T22:16:35: Enviroment: development
2020-03-17T22:17:51: Config Middlewares...
2020-03-17T22:17:51: Config Middlewares...
2020-03-17T22:17:51: Config Middlewares...
2020-03-17T22:17:51: Config Middlewares...
2020-03-17T22:17:51: Initialize Routes...
2020-03-17T22:17:51: Initialize Routes...
2020-03-17T22:17:51: Run: http://localhost:7000
2020-03-17T22:17:51: Enviroment: development
2020-03-17T22:17:51: Initialize Routes...
2020-03-17T22:17:51: Initialize Routes...
2020-03-17T22:17:51: Run: http://localhost:7000
2020-03-17T22:17:51: Enviroment: development
2020-03-17T22:17:51: Run: http://localhost:7000
2020-03-17T22:17:51: Enviroment: development
2020-03-17T22:17:51: Run: http://localhost:7000
2020-03-17T22:17:51: Enviroment: development
2020-03-17T22:29:34: Config Middlewares...
2020-03-17T22:29:34: Config Middlewares...
2020-03-17T22:29:34: Config Middlewares...
2020-03-17T22:29:34: Config Middlewares...
2020-03-17T22:29:34: Initialize Routes...
2020-03-17T22:29:34: Run: http://localhost:7000
2020-03-17T22:29:34: Enviroment: development
2020-03-17T22:29:34: Initialize Routes...
2020-03-17T22:29:34: Initialize Routes...
2020-03-17T22:29:34: Run: http://localhost:7000
2020-03-17T22:29:34: Enviroment: development
2020-03-17T22:29:34: Run: http://localhost:7000
2020-03-17T22:29:34: Enviroment: development
2020-03-17T22:29:34: Initialize Routes...
2020-03-17T22:29:34: Run: http://localhost:7000
2020-03-17T22:29:34: Enviroment: development
2020-03-17T22:30:53: Config Middlewares...
2020-03-17T22:30:53: Config Middlewares...
2020-03-17T22:30:53: Config Middlewares...
2020-03-17T22:30:53: Initialize Routes...
2020-03-17T22:30:53: Initialize Routes...
2020-03-17T22:30:53: Run: http://localhost:7000
2020-03-17T22:30:53: Enviroment: development
2020-03-17T22:30:53: Config Middlewares...
2020-03-17T22:30:53: Initialize Routes...
2020-03-17T22:30:53: Run: http://localhost:7000
2020-03-17T22:30:53: Enviroment: development
2020-03-17T22:30:53: Run: http://localhost:7000
2020-03-17T22:30:53: Enviroment: development
2020-03-17T22:30:53: Initialize Routes...
2020-03-17T22:30:53: Run: http://localhost:7000
2020-03-17T22:30:53: Enviroment: development
2020-03-17T22:32:04: Config Middlewares...
2020-03-17T22:32:04: Config Middlewares...
2020-03-17T22:32:04: Config Middlewares...
2020-03-17T22:32:04: Config Middlewares...
2020-03-17T22:32:04: Initialize Routes...
2020-03-17T22:32:05: Run: http://localhost:7000
2020-03-17T22:32:05: Enviroment: development
2020-03-17T22:32:04: Initialize Routes...
2020-03-17T22:32:05: Run: http://localhost:7000
2020-03-17T22:32:05: Enviroment: development
2020-03-17T22:32:04: Initialize Routes...
2020-03-17T22:32:04: Initialize Routes...
2020-03-17T22:32:05: Run: http://localhost:7000
2020-03-17T22:32:05: Enviroment: development
2020-03-17T22:32:05: Run: http://localhost:7000
2020-03-17T22:32:05: Enviroment: development
2020-03-17T22:32:18: Config Middlewares...
2020-03-17T22:32:18: Config Middlewares...
2020-03-17T22:32:18: Config Middlewares...
2020-03-17T22:32:18: Initialize Routes...
2020-03-17T22:32:18: Initialize Routes...
2020-03-17T22:32:18: Run: http://localhost:7000
2020-03-17T22:32:18: Enviroment: development
2020-03-17T22:32:18: Config Middlewares...
2020-03-17T22:32:18: Initialize Routes...
2020-03-17T22:32:18: Initialize Routes...
2020-03-17T22:32:18: Run: http://localhost:7000
2020-03-17T22:32:18: Enviroment: development
2020-03-17T22:32:18: Run: http://localhost:7000
2020-03-17T22:32:18: Enviroment: development
2020-03-17T22:32:18: Run: http://localhost:7000
2020-03-17T22:32:18: Enviroment: development
2020-03-17T22:35:29: Config Middlewares...
2020-03-17T22:35:29: Config Middlewares...
2020-03-17T22:35:29: Config Middlewares...
2020-03-17T22:35:29: Config Middlewares...
2020-03-17T22:35:29: Initialize Routes...
2020-03-17T22:35:29: Initialize Routes...
2020-03-17T22:35:29: Run: http://localhost:7000
2020-03-17T22:35:29: Enviroment: development
2020-03-17T22:35:29: Initialize Routes...
2020-03-17T22:35:29: Initialize Routes...
2020-03-17T22:35:29: Run: http://localhost:7000
2020-03-17T22:35:29: Enviroment: development
2020-03-17T22:35:29: Run: http://localhost:7000
2020-03-17T22:35:29: Enviroment: development
2020-03-17T22:35:29: Run: http://localhost:7000
2020-03-17T22:35:29: Enviroment: development
2020-03-17T22:35:56: Config Middlewares...
2020-03-17T22:35:56: Initialize Routes...
2020-03-17T22:35:56: Run: http://localhost:7000
2020-03-17T22:35:56: Enviroment: development
2020-03-17T22:35:56: Config Middlewares...
2020-03-17T22:35:56: Initialize Routes...
2020-03-17T22:35:56: Run: http://localhost:7000
2020-03-17T22:35:56: Enviroment: development
2020-03-17T22:35:56: Config Middlewares...
2020-03-17T22:35:56: Initialize Routes...
2020-03-17T22:35:56: Run: http://localhost:7000
2020-03-17T22:35:56: Enviroment: development
2020-03-17T22:35:56: Config Middlewares...
2020-03-17T22:35:56: Initialize Routes...
2020-03-17T22:35:56: Run: http://localhost:7000
2020-03-17T22:35:56: Enviroment: development
2020-03-17T22:36:32: Config Middlewares...
2020-03-17T22:36:32: Config Middlewares...
2020-03-17T22:36:32: Config Middlewares...
2020-03-17T22:36:32: Config Middlewares...
2020-03-17T22:36:32: Initialize Routes...
2020-03-17T22:36:32: Run: http://localhost:7000
2020-03-17T22:36:32: Enviroment: development
2020-03-17T22:36:32: Initialize Routes...
2020-03-17T22:36:32: Run: http://localhost:7000
2020-03-17T22:36:32: Enviroment: development
2020-03-17T22:36:32: Initialize Routes...
2020-03-17T22:36:32: Initialize Routes...
2020-03-17T22:36:32: Run: http://localhost:7000
2020-03-17T22:36:32: Enviroment: development
2020-03-17T22:36:32: Run: http://localhost:7000
2020-03-17T22:36:32: Enviroment: development
2020-03-17T22:38:19: Config Middlewares...
2020-03-17T22:38:19: Initialize Routes...
2020-03-17T22:38:19: Config Middlewares...
2020-03-17T22:38:19: Config Middlewares...
2020-03-17T22:38:19: Run: http://localhost:7000
2020-03-17T22:38:19: Enviroment: development
2020-03-17T22:38:19: Config Middlewares...
2020-03-17T22:38:19: Initialize Routes...
2020-03-17T22:38:19: Initialize Routes...
2020-03-17T22:38:19: Run: http://localhost:7000
2020-03-17T22:38:19: Enviroment: development
2020-03-17T22:38:19: Run: http://localhost:7000
2020-03-17T22:38:19: Enviroment: development
2020-03-17T22:38:19: Initialize Routes...
2020-03-17T22:38:19: Run: http://localhost:7000
2020-03-17T22:38:19: Enviroment: development
2020-03-17T22:43:12: Config Middlewares...
2020-03-17T22:43:12: Config Middlewares...
2020-03-17T22:43:12: Config Middlewares...
2020-03-17T22:43:12: Initialize Routes...
2020-03-17T22:43:12: Initialize Routes...
2020-03-17T22:43:12: Run: http://localhost:7000
2020-03-17T22:43:12: Enviroment: development
2020-03-17T22:43:12: Initialize Routes...
2020-03-17T22:43:12: Run: http://localhost:7000
2020-03-17T22:43:12: Enviroment: development
2020-03-17T22:43:12: Config Middlewares...
2020-03-17T22:43:12: Run: http://localhost:7000
2020-03-17T22:43:12: Enviroment: development
2020-03-17T22:43:12: Initialize Routes...
2020-03-17T22:43:12: Run: http://localhost:7000
2020-03-17T22:43:12: Enviroment: development
2020-03-18T20:22:12: Config Middlewares...
2020-03-18T20:22:12: Config Middlewares...
2020-03-18T20:22:12: Config Middlewares...
2020-03-18T20:22:12: Config Middlewares...
2020-03-18T20:22:12: Initialize Routes...
2020-03-18T20:22:12: Initialize Routes...
2020-03-18T20:22:12: Initialize Routes...
2020-03-18T20:22:12: Initialize Routes...
2020-03-18T20:22:12: Run: http://localhost:7000
2020-03-18T20:22:12: Enviroment: development
2020-03-18T20:22:12: Run: http://localhost:7000
2020-03-18T20:22:12: Enviroment: development
2020-03-18T20:22:12: Run: http://localhost:7000
2020-03-18T20:22:12: Enviroment: development
2020-03-18T20:22:12: Run: http://localhost:7000
2020-03-18T20:22:12: Enviroment: development
2020-03-18T20:25:11: Config Middlewares...
2020-03-18T20:25:11: Config Middlewares...
2020-03-18T20:25:11: Config Middlewares...
2020-03-18T20:25:11: Config Middlewares...
2020-03-18T20:25:11: Initialize Routes...
2020-03-18T20:25:11: Initialize Routes...
2020-03-18T20:25:11: Initialize Routes...
2020-03-18T20:25:11: Initialize Routes...
2020-03-18T20:25:11: Run: http://localhost:7000
2020-03-18T20:25:11: Enviroment: development
2020-03-18T20:25:11: Run: http://localhost:7000
2020-03-18T20:25:11: Enviroment: development
2020-03-18T20:25:11: Run: http://localhost:7000
2020-03-18T20:25:11: Enviroment: development
2020-03-18T20:25:11: Run: http://localhost:7000
2020-03-18T20:25:11: Enviroment: development
2020-03-18T20:28:19: Config Middlewares...
2020-03-18T20:28:19: Config Middlewares...
2020-03-18T20:28:19: Config Middlewares...
2020-03-18T20:28:19: Config Middlewares...
2020-03-18T20:28:19: Initialize Routes...
2020-03-18T20:28:19: Initialize Routes...
2020-03-18T20:28:19: Initialize Routes...
2020-03-18T20:28:19: Run: http://localhost:7000
2020-03-18T20:28:19: Enviroment: development
2020-03-18T20:28:19: Initialize Routes...
2020-03-18T20:28:19: Run: http://localhost:7000
2020-03-18T20:28:19: Enviroment: development
2020-03-18T20:28:19: Run: http://localhost:7000
2020-03-18T20:28:19: Enviroment: development
2020-03-18T20:28:19: Run: http://localhost:7000
2020-03-18T20:28:19: Enviroment: development
2020-03-18T20:28:46: Config Middlewares...
2020-03-18T20:28:46: Config Middlewares...
2020-03-18T20:28:46: Initialize Routes...
2020-03-18T20:28:46: Run: http://localhost:7000
2020-03-18T20:28:46: Enviroment: development
2020-03-18T20:28:46: Initialize Routes...
2020-03-18T20:28:46: Config Middlewares...
2020-03-18T20:28:46: Run: http://localhost:7000
2020-03-18T20:28:46: Enviroment: development
2020-03-18T20:28:46: Initialize Routes...
2020-03-18T20:28:46: Run: http://localhost:7000
2020-03-18T20:28:46: Enviroment: development
2020-03-18T20:28:46: Config Middlewares...
2020-03-18T20:28:46: Initialize Routes...
2020-03-18T20:28:46: Run: http://localhost:7000
2020-03-18T20:28:46: Enviroment: development
2020-03-18T20:32:43: Config Middlewares...
2020-03-18T20:32:43: Config Middlewares...
2020-03-18T20:32:43: Config Middlewares...
2020-03-18T20:32:43: Config Middlewares...
2020-03-18T20:32:43: Initialize Routes...
2020-03-18T20:32:43: Initialize Routes...
2020-03-18T20:32:43: Initialize Routes...
2020-03-18T20:32:43: Run: http://localhost:7000
2020-03-18T20:32:43: Enviroment: development
2020-03-18T20:32:43: Run: http://localhost:7000
2020-03-18T20:32:43: Enviroment: development
2020-03-18T20:32:43: Initialize Routes...
2020-03-18T20:32:43: Run: http://localhost:7000
2020-03-18T20:32:43: Enviroment: development
2020-03-18T20:32:43: Run: http://localhost:7000
2020-03-18T20:32:43: Enviroment: development
2020-03-18T20:35:55: Redis client connected
2020-03-18T20:35:55: getCache :: Success :: null
2020-03-18T20:35:55: mountPrescription:  undefined
